app/build/intermediates/manifest_merge_blame_file/debug/manifest-merger-blame-debug-report.txt
1<?xml version="1.0" encoding="utf-8"?>
2<manifest xmlns:android="http://schemas.android.com/apk/res/android"
3    package="com.honeygain.honeygainearningonline.honey97"
4    android:versionCode="1"
5    android:versionName="1.1" >
6
7    <uses-sdk
8        android:minSdkVersion="21"
8-->src\main\AndroidManifest.xml
9        android:targetSdkVersion="32" />
9-->src\main\AndroidManifest.xml
10
11    <uses-permission android:name="android.permission.INTERNET" />
11-->src\main\AndroidManifest.xml:6:5-67
11-->src\main\AndroidManifest.xml:6:22-64
12
13    <queries>
13-->[com.facebook.android:audience-network-sdk:6.11.0] AndroidManifest.xml:11:5-13:15
14        <package android:name="com.facebook.katana" />
14-->[com.facebook.android:audience-network-sdk:6.11.0] AndroidManifest.xml:12:9-55
14-->[com.facebook.android:audience-network-sdk:6.11.0] AndroidManifest.xml:12:18-52
15    </queries>
16
17    <uses-permission android:name="android.permission.ACCESS_NETWORK_STATE" />
17-->[com.facebook.android:audience-network-sdk:6.11.0] AndroidManifest.xml:16:5-79
17-->[com.facebook.android:audience-network-sdk:6.11.0] AndroidManifest.xml:16:22-76
18    <uses-permission android:name="android.permission.WAKE_LOCK" />
18-->[androidx.work:work-runtime:2.7.1] AndroidManifest.xml:25:5-68
18-->[androidx.work:work-runtime:2.7.1] AndroidManifest.xml:25:22-65
19    <uses-permission android:name="android.permission.RECEIVE_BOOT_COMPLETED" />
19-->[androidx.work:work-runtime:2.7.1] AndroidManifest.xml:27:5-81
19-->[androidx.work:work-runtime:2.7.1] AndroidManifest.xml:27:22-78
20    <uses-permission android:name="android.permission.FOREGROUND_SERVICE" />
20-->[androidx.work:work-runtime:2.7.1] AndroidManifest.xml:28:5-77
20-->[androidx.work:work-runtime:2.7.1] AndroidManifest.xml:28:22-74
21
22    <application
22-->src\main\AndroidManifest.xml:7:5-69:19
23        android:allowBackup="true"
23-->src\main\AndroidManifest.xml:8:9-35
24        android:appComponentFactory="androidx.core.app.CoreComponentFactory"
24-->[androidx.core:core:1.8.0] AndroidManifest.xml:24:18-86
25        android:dataExtractionRules="@xml/data_extraction_rules"
25-->src\main\AndroidManifest.xml:9:9-65
26        android:debuggable="true"
27        android:fullBackupContent="@xml/backup_rules"
27-->src\main\AndroidManifest.xml:10:9-54
28        android:icon="@mipmap/ic_launcher"
28-->src\main\AndroidManifest.xml:11:9-43
29        android:label="@string/app_name"
29-->src\main\AndroidManifest.xml:12:9-41
30        android:roundIcon="@mipmap/ic_launcher_round"
30-->src\main\AndroidManifest.xml:13:9-54
31        android:supportsRtl="true"
31-->src\main\AndroidManifest.xml:14:9-35
32        android:testOnly="true"
33        android:theme="@style/Theme.honeygain" >
33-->src\main\AndroidManifest.xml:15:9-47
34        <activity
34-->src\main\AndroidManifest.xml:19:9-22:52
35            android:name="com.honeygaincash.honeygaincase97.honeygaincase97_Continue_Next"
35-->src\main\AndroidManifest.xml:20:13-91
36            android:exported="false"
36-->src\main\AndroidManifest.xml:21:13-37
37            android:screenOrientation="portrait" />
37-->src\main\AndroidManifest.xml:22:13-49
38        <activity
38-->src\main\AndroidManifest.xml:23:9-26:52
39            android:name="com.honeygaincash.honeygaincase97.honeygaincase97_DetailsActivity"
39-->src\main\AndroidManifest.xml:24:13-93
40            android:exported="false"
40-->src\main\AndroidManifest.xml:25:13-37
41            android:screenOrientation="portrait" />
41-->src\main\AndroidManifest.xml:26:13-49
42        <activity
42-->src\main\AndroidManifest.xml:27:9-30:52
43            android:name="com.honeygaincash.honeygaincase97.honeygaincase97_MainActivity2"
43-->src\main\AndroidManifest.xml:28:13-91
44            android:exported="false"
44-->src\main\AndroidManifest.xml:29:13-37
45            android:screenOrientation="portrait" />
45-->src\main\AndroidManifest.xml:30:13-49
46        <activity
46-->src\main\AndroidManifest.xml:31:9-34:52
47            android:name="com.honeygaincash.honeygaincase97.honeygaincase97_Continue"
47-->src\main\AndroidManifest.xml:32:13-86
48            android:exported="false"
48-->src\main\AndroidManifest.xml:33:13-37
49            android:screenOrientation="portrait" />
49-->src\main\AndroidManifest.xml:34:13-49
50        <activity
50-->src\main\AndroidManifest.xml:35:9-38:52
51            android:name="com.honeygaincash.honeygaincase97.honeygaincase97_start_page"
51-->src\main\AndroidManifest.xml:36:13-88
52            android:exported="false"
52-->src\main\AndroidManifest.xml:37:13-37
53            android:screenOrientation="portrait" />
53-->src\main\AndroidManifest.xml:38:13-49
54        <activity
54-->src\main\AndroidManifest.xml:39:9-42:52
55            android:name="com.honeygaincash.honeygaincase97.honeygaincase97_MainActivity"
55-->src\main\AndroidManifest.xml:40:13-90
56            android:exported="false"
56-->src\main\AndroidManifest.xml:41:13-37
57            android:screenOrientation="portrait" />
57-->src\main\AndroidManifest.xml:42:13-49
58        <activity
58-->src\main\AndroidManifest.xml:43:9-46:52
59            android:name="com.honeygaincash.honeygaincase97.honeygaincase97_Next"
59-->src\main\AndroidManifest.xml:44:13-82
60            android:exported="false"
60-->src\main\AndroidManifest.xml:45:13-37
61            android:screenOrientation="portrait" />
61-->src\main\AndroidManifest.xml:46:13-49
62        <activity
62-->src\main\AndroidManifest.xml:47:9-50:52
63            android:name="com.honeygaincash.honeygaincase97.honeygaincase97_Exit"
63-->src\main\AndroidManifest.xml:48:13-82
64            android:exported="false"
64-->src\main\AndroidManifest.xml:49:13-37
65            android:screenOrientation="portrait" />
65-->src\main\AndroidManifest.xml:50:13-49
66        <activity
66-->src\main\AndroidManifest.xml:51:9-54:52
67            android:name="com.honeygaincash.honeygaincase97.honeygaincase97_Thank_you"
67-->src\main\AndroidManifest.xml:52:13-87
68            android:exported="false"
68-->src\main\AndroidManifest.xml:53:13-37
69            android:screenOrientation="portrait" />
69-->src\main\AndroidManifest.xml:54:13-49
70        <activity
70-->src\main\AndroidManifest.xml:55:9-64:20
71            android:name="com.honeygaincash.honeygaincase97.honeygaincase97_SplashActivity"
71-->src\main\AndroidManifest.xml:56:13-92
72            android:exported="true"
72-->src\main\AndroidManifest.xml:57:13-36
73            android:screenOrientation="portrait" >
73-->src\main\AndroidManifest.xml:58:13-49
74            <intent-filter>
74-->src\main\AndroidManifest.xml:59:13-63:29
75                <action android:name="android.intent.action.MAIN" />
75-->src\main\AndroidManifest.xml:60:17-69
75-->src\main\AndroidManifest.xml:60:25-66
76
77                <category android:name="android.intent.category.LAUNCHER" />
77-->src\main\AndroidManifest.xml:62:17-77
77-->src\main\AndroidManifest.xml:62:27-74
78            </intent-filter>
79        </activity>
80
81        <provider
81-->[androidx.emoji2:emoji2:1.2.0] AndroidManifest.xml:24:9-32:20
82            android:name="androidx.startup.InitializationProvider"
82-->[androidx.emoji2:emoji2:1.2.0] AndroidManifest.xml:25:13-67
83            android:authorities="com.honeygain.honeygainearningonline.honey97.androidx-startup"
83-->[androidx.emoji2:emoji2:1.2.0] AndroidManifest.xml:26:13-68
84            android:exported="false" >
84-->[androidx.emoji2:emoji2:1.2.0] AndroidManifest.xml:27:13-37
85            <meta-data
85-->[androidx.emoji2:emoji2:1.2.0] AndroidManifest.xml:29:13-31:52
86                android:name="androidx.emoji2.text.EmojiCompatInitializer"
86-->[androidx.emoji2:emoji2:1.2.0] AndroidManifest.xml:30:17-75
87                android:value="androidx.startup" />
87-->[androidx.emoji2:emoji2:1.2.0] AndroidManifest.xml:31:17-49
88            <meta-data
88-->[androidx.lifecycle:lifecycle-process:2.5.1] AndroidManifest.xml:31:13-33:52
89                android:name="androidx.lifecycle.ProcessLifecycleInitializer"
89-->[androidx.lifecycle:lifecycle-process:2.5.1] AndroidManifest.xml:32:17-78
90                android:value="androidx.startup" />
90-->[androidx.lifecycle:lifecycle-process:2.5.1] AndroidManifest.xml:33:17-49
91            <meta-data
91-->[androidx.work:work-runtime:2.7.1] AndroidManifest.xml:36:13-38:52
92                android:name="androidx.work.WorkManagerInitializer"
92-->[androidx.work:work-runtime:2.7.1] AndroidManifest.xml:37:17-68
93                android:value="androidx.startup" />
93-->[androidx.work:work-runtime:2.7.1] AndroidManifest.xml:38:17-49
94        </provider>
95
96        <activity
96-->[com.facebook.android:audience-network-sdk:6.11.0] AndroidManifest.xml:19:9-23:75
97            android:name="com.facebook.ads.AudienceNetworkActivity"
97-->[com.facebook.android:audience-network-sdk:6.11.0] AndroidManifest.xml:20:13-68
98            android:configChanges="keyboardHidden|orientation|screenSize"
98-->[com.facebook.android:audience-network-sdk:6.11.0] AndroidManifest.xml:21:13-74
99            android:exported="false"
99-->[com.facebook.android:audience-network-sdk:6.11.0] AndroidManifest.xml:22:13-37
100            android:theme="@android:style/Theme.Translucent.NoTitleBar" />
100-->[com.facebook.android:audience-network-sdk:6.11.0] AndroidManifest.xml:23:13-72
101
102        <provider
102-->[com.facebook.android:audience-network-sdk:6.11.0] AndroidManifest.xml:25:9-28:40
103            android:name="com.facebook.ads.AudienceNetworkContentProvider"
103-->[com.facebook.android:audience-network-sdk:6.11.0] AndroidManifest.xml:26:13-75
104            android:authorities="com.honeygain.honeygainearningonline.honey97.AudienceNetworkContentProvider"
104-->[com.facebook.android:audience-network-sdk:6.11.0] AndroidManifest.xml:27:13-82
105            android:exported="false" />
105-->[com.facebook.android:audience-network-sdk:6.11.0] AndroidManifest.xml:28:13-37
106
107        <meta-data
107-->[com.google.android.gms:play-services-basement:11.0.4] AndroidManifest.xml:20:9-121
108            android:name="com.google.android.gms.version"
108-->[com.google.android.gms:play-services-basement:11.0.4] AndroidManifest.xml:20:20-65
109            android:value="@integer/google_play_services_version" />
109-->[com.google.android.gms:play-services-basement:11.0.4] AndroidManifest.xml:20:66-119
110
111        <service
111-->[androidx.work:work-runtime:2.7.1] AndroidManifest.xml:41:9-46:35
112            android:name="androidx.work.impl.background.systemalarm.SystemAlarmService"
112-->[androidx.work:work-runtime:2.7.1] AndroidManifest.xml:42:13-88
113            android:directBootAware="false"
113-->[androidx.work:work-runtime:2.7.1] AndroidManifest.xml:43:13-44
114            android:enabled="@bool/enable_system_alarm_service_default"
114-->[androidx.work:work-runtime:2.7.1] AndroidManifest.xml:44:13-72
115            android:exported="false" />
115-->[androidx.work:work-runtime:2.7.1] AndroidManifest.xml:45:13-37
116        <service
116-->[androidx.work:work-runtime:2.7.1] AndroidManifest.xml:47:9-53:35
117            android:name="androidx.work.impl.background.systemjob.SystemJobService"
117-->[androidx.work:work-runtime:2.7.1] AndroidManifest.xml:48:13-84
118            android:directBootAware="false"
118-->[androidx.work:work-runtime:2.7.1] AndroidManifest.xml:49:13-44
119            android:enabled="@bool/enable_system_job_service_default"
119-->[androidx.work:work-runtime:2.7.1] AndroidManifest.xml:50:13-70
120            android:exported="true"
120-->[androidx.work:work-runtime:2.7.1] AndroidManifest.xml:51:13-36
121            android:permission="android.permission.BIND_JOB_SERVICE" />
121-->[androidx.work:work-runtime:2.7.1] AndroidManifest.xml:52:13-69
122        <service
122-->[androidx.work:work-runtime:2.7.1] AndroidManifest.xml:54:9-59:35
123            android:name="androidx.work.impl.foreground.SystemForegroundService"
123-->[androidx.work:work-runtime:2.7.1] AndroidManifest.xml:55:13-81
124            android:directBootAware="false"
124-->[androidx.work:work-runtime:2.7.1] AndroidManifest.xml:56:13-44
125            android:enabled="@bool/enable_system_foreground_service_default"
125-->[androidx.work:work-runtime:2.7.1] AndroidManifest.xml:57:13-77
126            android:exported="false" />
126-->[androidx.work:work-runtime:2.7.1] AndroidManifest.xml:58:13-37
127
128        <receiver
128-->[androidx.work:work-runtime:2.7.1] AndroidManifest.xml:61:9-66:35
129            android:name="androidx.work.impl.utils.ForceStopRunnable$BroadcastReceiver"
129-->[androidx.work:work-runtime:2.7.1] AndroidManifest.xml:62:13-88
130            android:directBootAware="false"
130-->[androidx.work:work-runtime:2.7.1] AndroidManifest.xml:63:13-44
131            android:enabled="true"
131-->[androidx.work:work-runtime:2.7.1] AndroidManifest.xml:64:13-35
132            android:exported="false" />
132-->[androidx.work:work-runtime:2.7.1] AndroidManifest.xml:65:13-37
133        <receiver
133-->[androidx.work:work-runtime:2.7.1] AndroidManifest.xml:67:9-77:20
134            android:name="androidx.work.impl.background.systemalarm.ConstraintProxy$BatteryChargingProxy"
134-->[androidx.work:work-runtime:2.7.1] AndroidManifest.xml:68:13-106
135            android:directBootAware="false"
135-->[androidx.work:work-runtime:2.7.1] AndroidManifest.xml:69:13-44
136            android:enabled="false"
136-->[androidx.work:work-runtime:2.7.1] AndroidManifest.xml:70:13-36
137            android:exported="false" >
137-->[androidx.work:work-runtime:2.7.1] AndroidManifest.xml:71:13-37
138            <intent-filter>
138-->[androidx.work:work-runtime:2.7.1] AndroidManifest.xml:73:13-76:29
139                <action android:name="android.intent.action.ACTION_POWER_CONNECTED" />
139-->[androidx.work:work-runtime:2.7.1] AndroidManifest.xml:74:17-87
139-->[androidx.work:work-runtime:2.7.1] AndroidManifest.xml:74:25-84
140                <action android:name="android.intent.action.ACTION_POWER_DISCONNECTED" />
140-->[androidx.work:work-runtime:2.7.1] AndroidManifest.xml:75:17-90
140-->[androidx.work:work-runtime:2.7.1] AndroidManifest.xml:75:25-87
141            </intent-filter>
142        </receiver>
143        <receiver
143-->[androidx.work:work-runtime:2.7.1] AndroidManifest.xml:78:9-88:20
144            android:name="androidx.work.impl.background.systemalarm.ConstraintProxy$BatteryNotLowProxy"
144-->[androidx.work:work-runtime:2.7.1] AndroidManifest.xml:79:13-104
145            android:directBootAware="false"
145-->[androidx.work:work-runtime:2.7.1] AndroidManifest.xml:80:13-44
146            android:enabled="false"
146-->[androidx.work:work-runtime:2.7.1] AndroidManifest.xml:81:13-36
147            android:exported="false" >
147-->[androidx.work:work-runtime:2.7.1] AndroidManifest.xml:82:13-37
148            <intent-filter>
148-->[androidx.work:work-runtime:2.7.1] AndroidManifest.xml:84:13-87:29
149                <action android:name="android.intent.action.BATTERY_OKAY" />
149-->[androidx.work:work-runtime:2.7.1] AndroidManifest.xml:85:17-77
149-->[androidx.work:work-runtime:2.7.1] AndroidManifest.xml:85:25-74
150                <action android:name="android.intent.action.BATTERY_LOW" />
150-->[androidx.work:work-runtime:2.7.1] AndroidManifest.xml:86:17-76
150-->[androidx.work:work-runtime:2.7.1] AndroidManifest.xml:86:25-73
151            </intent-filter>
152        </receiver>
153        <receiver
153-->[androidx.work:work-runtime:2.7.1] AndroidManifest.xml:89:9-99:20
154            android:name="androidx.work.impl.background.systemalarm.ConstraintProxy$StorageNotLowProxy"
154-->[androidx.work:work-runtime:2.7.1] AndroidManifest.xml:90:13-104
155            android:directBootAware="false"
155-->[androidx.work:work-runtime:2.7.1] AndroidManifest.xml:91:13-44
156            android:enabled="false"
156-->[androidx.work:work-runtime:2.7.1] AndroidManifest.xml:92:13-36
157            android:exported="false" >
157-->[androidx.work:work-runtime:2.7.1] AndroidManifest.xml:93:13-37
158            <intent-filter>
158-->[androidx.work:work-runtime:2.7.1] AndroidManifest.xml:95:13-98:29
159                <action android:name="android.intent.action.DEVICE_STORAGE_LOW" />
159-->[androidx.work:work-runtime:2.7.1] AndroidManifest.xml:96:17-83
159-->[androidx.work:work-runtime:2.7.1] AndroidManifest.xml:96:25-80
160                <action android:name="android.intent.action.DEVICE_STORAGE_OK" />
160-->[androidx.work:work-runtime:2.7.1] AndroidManifest.xml:97:17-82
160-->[androidx.work:work-runtime:2.7.1] AndroidManifest.xml:97:25-79
161            </intent-filter>
162        </receiver>
163        <receiver
163-->[androidx.work:work-runtime:2.7.1] AndroidManifest.xml:100:9-109:20
164            android:name="androidx.work.impl.background.systemalarm.ConstraintProxy$NetworkStateProxy"
164-->[androidx.work:work-runtime:2.7.1] AndroidManifest.xml:101:13-103
165            android:directBootAware="false"
165-->[androidx.work:work-runtime:2.7.1] AndroidManifest.xml:102:13-44
166            android:enabled="false"
166-->[androidx.work:work-runtime:2.7.1] AndroidManifest.xml:103:13-36
167            android:exported="false" >
167-->[androidx.work:work-runtime:2.7.1] AndroidManifest.xml:104:13-37
168            <intent-filter>
168-->[androidx.work:work-runtime:2.7.1] AndroidManifest.xml:106:13-108:29
169                <action android:name="android.net.conn.CONNECTIVITY_CHANGE" />
169-->[androidx.work:work-runtime:2.7.1] AndroidManifest.xml:107:17-79
169-->[androidx.work:work-runtime:2.7.1] AndroidManifest.xml:107:25-76
170            </intent-filter>
171        </receiver>
172        <receiver
172-->[androidx.work:work-runtime:2.7.1] AndroidManifest.xml:110:9-121:20
173            android:name="androidx.work.impl.background.systemalarm.RescheduleReceiver"
173-->[androidx.work:work-runtime:2.7.1] AndroidManifest.xml:111:13-88
174            android:directBootAware="false"
174-->[androidx.work:work-runtime:2.7.1] AndroidManifest.xml:112:13-44
175            android:enabled="false"
175-->[androidx.work:work-runtime:2.7.1] AndroidManifest.xml:113:13-36
176            android:exported="false" >
176-->[androidx.work:work-runtime:2.7.1] AndroidManifest.xml:114:13-37
177            <intent-filter>
177-->[androidx.work:work-runtime:2.7.1] AndroidManifest.xml:116:13-120:29
178                <action android:name="android.intent.action.BOOT_COMPLETED" />
178-->[androidx.work:work-runtime:2.7.1] AndroidManifest.xml:117:17-79
178-->[androidx.work:work-runtime:2.7.1] AndroidManifest.xml:117:25-76
179                <action android:name="android.intent.action.TIME_SET" />
179-->[androidx.work:work-runtime:2.7.1] AndroidManifest.xml:118:17-73
179-->[androidx.work:work-runtime:2.7.1] AndroidManifest.xml:118:25-70
180                <action android:name="android.intent.action.TIMEZONE_CHANGED" />
180-->[androidx.work:work-runtime:2.7.1] AndroidManifest.xml:119:17-81
180-->[androidx.work:work-runtime:2.7.1] AndroidManifest.xml:119:25-78
181            </intent-filter>
182        </receiver>
183        <receiver
183-->[androidx.work:work-runtime:2.7.1] AndroidManifest.xml:122:9-131:20
184            android:name="androidx.work.impl.background.systemalarm.ConstraintProxyUpdateReceiver"
184-->[androidx.work:work-runtime:2.7.1] AndroidManifest.xml:123:13-99
185            android:directBootAware="false"
185-->[androidx.work:work-runtime:2.7.1] AndroidManifest.xml:124:13-44
186            android:enabled="@bool/enable_system_alarm_service_default"
186-->[androidx.work:work-runtime:2.7.1] AndroidManifest.xml:125:13-72
187            android:exported="false" >
187-->[androidx.work:work-runtime:2.7.1] AndroidManifest.xml:126:13-37
188            <intent-filter>
188-->[androidx.work:work-runtime:2.7.1] AndroidManifest.xml:128:13-130:29
189                <action android:name="androidx.work.impl.background.systemalarm.UpdateProxies" />
189-->[androidx.work:work-runtime:2.7.1] AndroidManifest.xml:129:17-98
189-->[androidx.work:work-runtime:2.7.1] AndroidManifest.xml:129:25-95
190            </intent-filter>
191        </receiver>
192        <receiver
192-->[androidx.work:work-runtime:2.7.1] AndroidManifest.xml:132:9-142:20
193            android:name="androidx.work.impl.diagnostics.DiagnosticsReceiver"
193-->[androidx.work:work-runtime:2.7.1] AndroidManifest.xml:133:13-78
194            android:directBootAware="false"
194-->[androidx.work:work-runtime:2.7.1] AndroidManifest.xml:134:13-44
195            android:enabled="true"
195-->[androidx.work:work-runtime:2.7.1] AndroidManifest.xml:135:13-35
196            android:exported="true"
196-->[androidx.work:work-runtime:2.7.1] AndroidManifest.xml:136:13-36
197            android:permission="android.permission.DUMP" >
197-->[androidx.work:work-runtime:2.7.1] AndroidManifest.xml:137:13-57
198            <intent-filter>
198-->[androidx.work:work-runtime:2.7.1] AndroidManifest.xml:139:13-141:29
199                <action android:name="androidx.work.diagnostics.REQUEST_DIAGNOSTICS" />
199-->[androidx.work:work-runtime:2.7.1] AndroidManifest.xml:140:17-88
199-->[androidx.work:work-runtime:2.7.1] AndroidManifest.xml:140:25-85
200            </intent-filter>
201        </receiver>
202
203        <service
203-->[androidx.room:room-runtime:2.2.5] AndroidManifest.xml:25:9-28:40
204            android:name="androidx.room.MultiInstanceInvalidationService"
204-->[androidx.room:room-runtime:2.2.5] AndroidManifest.xml:26:13-74
205            android:directBootAware="true"
205-->[androidx.room:room-runtime:2.2.5] AndroidManifest.xml:27:13-43
206            android:exported="false" />
206-->[androidx.room:room-runtime:2.2.5] AndroidManifest.xml:28:13-37
207    </application>
208
209</manifest>